c:\users\pooh\source\repos\guardcode\sdk\guardcode\x64\release\vc142.pdb
c:\users\pooh\source\repos\guardcode\sdk\guardcode\x64\release\stdafx.obj
c:\users\pooh\source\repos\guardcode\sdk\guardcode\x64\release\filtermgr.obj
c:\users\pooh\source\repos\guardcode\sdk\guardcode\x64\release\filter.obj
c:\users\pooh\source\repos\guardcode\sdk\guardcode\x64\release\guardcode.obj
c:\users\pooh\source\repos\guardcode\sdk\guardcode\x64\release\guardcode.ipdb
c:\users\pooh\source\repos\guardcode\sdk\guardcode\x64\release\guardcode.iobj
c:\users\pooh\source\repos\guardcode\x64\release\guardcode.pdb
c:\users\pooh\source\repos\guardcode\sdk\guardcode\x64\release\guardcode.tlog\cl.command.1.tlog
c:\users\pooh\source\repos\guardcode\sdk\guardcode\x64\release\guardcode.tlog\cl.read.1.tlog
c:\users\pooh\source\repos\guardcode\sdk\guardcode\x64\release\guardcode.tlog\cl.write.1.tlog
c:\users\pooh\source\repos\guardcode\sdk\guardcode\x64\release\guardcode.tlog\link.7348.read.1.tlog
c:\users\pooh\source\repos\guardcode\sdk\guardcode\x64\release\guardcode.tlog\link.7348.write.1.tlog
c:\users\pooh\source\repos\guardcode\sdk\guardcode\x64\release\guardcode.tlog\link.7404.read.1.tlog
c:\users\pooh\source\repos\guardcode\sdk\guardcode\x64\release\guardcode.tlog\link.7404.write.1.tlog
c:\users\pooh\source\repos\guardcode\sdk\guardcode\x64\release\guardcode.tlog\link.9028.read.1.tlog
c:\users\pooh\source\repos\guardcode\sdk\guardcode\x64\release\guardcode.tlog\link.9028.write.1.tlog
c:\users\pooh\source\repos\guardcode\sdk\guardcode\x64\release\guardcode.tlog\link.command.1.tlog
c:\users\pooh\source\repos\guardcode\sdk\guardcode\x64\release\guardcode.tlog\link.read.1.tlog
c:\users\pooh\source\repos\guardcode\sdk\guardcode\x64\release\guardcode.tlog\link.write.1.tlog
