c:\users\admin\source\repos\openprocmon\kernel\x64\release\vc142.pdb
c:\users\admin\source\repos\openprocmon\kernel\x64\release\procmon.obj
c:\users\admin\source\repos\openprocmon\kernel\x64\release\log.obj
c:\users\admin\source\repos\openprocmon\kernel\x64\release\utils.obj
c:\users\admin\source\repos\openprocmon\kernel\x64\release\reg.obj
c:\users\admin\source\repos\openprocmon\kernel\x64\release\process.obj
c:\users\admin\source\repos\openprocmon\kernel\x64\release\globals.obj
c:\users\admin\source\repos\openprocmon\kernel\x64\release\file.obj
c:\users\pooh\source\repos\openprocmon\kernel\x64\release\vc142.pdb
c:\users\pooh\source\repos\openprocmon\kernel\x64\release\procmon.obj
c:\users\pooh\source\repos\openprocmon\kernel\x64\release\log.obj
c:\users\pooh\source\repos\openprocmon\kernel\x64\release\utils.obj
c:\users\pooh\source\repos\openprocmon\kernel\x64\release\reg.obj
c:\users\pooh\source\repos\openprocmon\kernel\x64\release\process.obj
c:\users\pooh\source\repos\openprocmon\kernel\x64\release\globals.obj
c:\users\pooh\source\repos\openprocmon\kernel\x64\release\file.obj
c:\users\pooh\source\repos\guardcode\kernel\x64\release\vc142.pdb
c:\users\pooh\source\repos\guardcode\kernel\x64\release\procmon.obj
c:\users\pooh\source\repos\guardcode\kernel\x64\release\log.obj
c:\users\pooh\source\repos\guardcode\kernel\x64\release\utils.obj
c:\users\pooh\source\repos\guardcode\kernel\x64\release\reg.obj
c:\users\pooh\source\repos\guardcode\kernel\x64\release\process.obj
c:\users\pooh\source\repos\guardcode\kernel\x64\release\globals.obj
c:\users\pooh\source\repos\guardcode\kernel\x64\release\file.obj
c:\users\admin\source\repos\openprocmon\x64\release\procmon.sys
c:\users\admin\source\repos\openprocmon\x64\release\procmon.pdb
c:\users\pooh\source\repos\openprocmon\x64\release\procmon.sys
c:\users\pooh\source\repos\openprocmon\x64\release\procmon.pdb
c:\users\pooh\source\repos\guardcode\x64\release\procmon.sys
c:\users\pooh\source\repos\guardcode\x64\release\procmon.pdb
c:\users\admin\source\repos\openprocmon\kernel\x64\release\procmon.res
c:\users\pooh\source\repos\openprocmon\kernel\x64\release\procmon.res
c:\users\pooh\source\repos\guardcode\kernel\x64\release\procmon.res
c:\users\pooh\source\repos\guardcode\x64\release\procmon.cer
c:\users\pooh\source\repos\guardcode\kernel\x64\release\procmon.tlog\cl.command.1.tlog
c:\users\pooh\source\repos\guardcode\kernel\x64\release\procmon.tlog\cl.read.1.tlog
c:\users\pooh\source\repos\guardcode\kernel\x64\release\procmon.tlog\cl.write.1.tlog
c:\users\pooh\source\repos\guardcode\kernel\x64\release\procmon.tlog\link.command.1.tlog
c:\users\pooh\source\repos\guardcode\kernel\x64\release\procmon.tlog\link.read.1.tlog
c:\users\pooh\source\repos\guardcode\kernel\x64\release\procmon.tlog\link.write.1.tlog
c:\users\pooh\source\repos\guardcode\kernel\x64\release\procmon.tlog\rc.command.1.tlog
c:\users\pooh\source\repos\guardcode\kernel\x64\release\procmon.tlog\rc.read.1.tlog
c:\users\pooh\source\repos\guardcode\kernel\x64\release\procmon.tlog\rc.write.1.tlog
c:\users\pooh\source\repos\guardcode\kernel\x64\release\procmon.tlog\signtool.command.1.tlog
c:\users\pooh\source\repos\guardcode\kernel\x64\release\procmon.tlog\signtool.read.1.tlog
c:\users\pooh\source\repos\guardcode\kernel\x64\release\procmon.tlog\signtool.timestamp.1.tlog
c:\users\pooh\source\repos\guardcode\kernel\x64\release\procmon.tlog\signtool.write.1.tlog
