c:\users\pooh\source\repos\openprocmon\sdk\procmonsdk\x64\release\procmonsdk.pch
c:\users\pooh\source\repos\openprocmon\x64\release\procmonsdk.pdb
c:\users\pooh\source\repos\openprocmon\sdk\procmonsdk\x64\release\buffer.obj
c:\users\pooh\source\repos\openprocmon\sdk\procmonsdk\x64\release\drvload.obj
c:\users\pooh\source\repos\openprocmon\sdk\procmonsdk\x64\release\eventfactory.obj
c:\users\pooh\source\repos\openprocmon\sdk\procmonsdk\x64\release\fileopt.obj
c:\users\pooh\source\repos\openprocmon\sdk\procmonsdk\x64\release\logger.obj
c:\users\pooh\source\repos\openprocmon\sdk\procmonsdk\x64\release\module.obj
c:\users\pooh\source\repos\openprocmon\sdk\procmonsdk\x64\release\monctl.obj
c:\users\pooh\source\repos\openprocmon\sdk\procmonsdk\x64\release\event.obj
c:\users\pooh\source\repos\openprocmon\sdk\procmonsdk\x64\release\eventmgr.obj
c:\users\pooh\source\repos\openprocmon\sdk\procmonsdk\x64\release\eventview.obj
c:\users\pooh\source\repos\openprocmon\sdk\procmonsdk\x64\release\pch.obj
c:\users\pooh\source\repos\openprocmon\sdk\procmonsdk\x64\release\process.obj
c:\users\pooh\source\repos\openprocmon\sdk\procmonsdk\x64\release\procmgr.obj
c:\users\pooh\source\repos\openprocmon\sdk\procmonsdk\x64\release\procopt.obj
c:\users\pooh\source\repos\openprocmon\sdk\procmonsdk\x64\release\strmaps.obj
c:\users\pooh\source\repos\openprocmon\sdk\procmonsdk\x64\release\thread.obj
c:\users\pooh\source\repos\openprocmon\sdk\procmonsdk\x64\release\utils.obj
c:\users\pooh\source\repos\openprocmon\sdk\procmonsdk\x64\release\viewer.obj
c:\users\pooh\source\repos\guardcode\sdk\procmonsdk\x64\release\procmonsdk.pch
c:\users\pooh\source\repos\guardcode\x64\release\procmonsdk.pdb
c:\users\pooh\source\repos\guardcode\sdk\procmonsdk\x64\release\buffer.obj
c:\users\pooh\source\repos\guardcode\sdk\procmonsdk\x64\release\drvload.obj
c:\users\pooh\source\repos\guardcode\sdk\procmonsdk\x64\release\eventfactory.obj
c:\users\pooh\source\repos\guardcode\sdk\procmonsdk\x64\release\fileopt.obj
c:\users\pooh\source\repos\guardcode\sdk\procmonsdk\x64\release\logger.obj
c:\users\pooh\source\repos\guardcode\sdk\procmonsdk\x64\release\module.obj
c:\users\pooh\source\repos\guardcode\sdk\procmonsdk\x64\release\monctl.obj
c:\users\pooh\source\repos\guardcode\sdk\procmonsdk\x64\release\event.obj
c:\users\pooh\source\repos\guardcode\sdk\procmonsdk\x64\release\eventmgr.obj
c:\users\pooh\source\repos\guardcode\sdk\procmonsdk\x64\release\eventview.obj
c:\users\pooh\source\repos\guardcode\sdk\procmonsdk\x64\release\pch.obj
c:\users\pooh\source\repos\guardcode\sdk\procmonsdk\x64\release\process.obj
c:\users\pooh\source\repos\guardcode\sdk\procmonsdk\x64\release\procmgr.obj
c:\users\pooh\source\repos\guardcode\sdk\procmonsdk\x64\release\procopt.obj
c:\users\pooh\source\repos\guardcode\sdk\procmonsdk\x64\release\strmaps.obj
c:\users\pooh\source\repos\guardcode\sdk\procmonsdk\x64\release\thread.obj
c:\users\pooh\source\repos\guardcode\sdk\procmonsdk\x64\release\utils.obj
c:\users\pooh\source\repos\guardcode\sdk\procmonsdk\x64\release\viewer.obj
c:\users\pooh\source\repos\openprocmon\x64\release\procmonsdk.lib
c:\users\pooh\source\repos\guardcode\x64\release\procmonsdk.lib
c:\users\pooh\source\repos\guardcode\sdk\procmonsdk\x64\release\procmonsdk.tlog\cl.command.1.tlog
c:\users\pooh\source\repos\guardcode\sdk\procmonsdk\x64\release\procmonsdk.tlog\cl.read.1.tlog
c:\users\pooh\source\repos\guardcode\sdk\procmonsdk\x64\release\procmonsdk.tlog\cl.write.1.tlog
c:\users\pooh\source\repos\guardcode\sdk\procmonsdk\x64\release\procmonsdk.tlog\lib-link.read.1.tlog
c:\users\pooh\source\repos\guardcode\sdk\procmonsdk\x64\release\procmonsdk.tlog\lib-link.write.1.tlog
c:\users\pooh\source\repos\guardcode\sdk\procmonsdk\x64\release\procmonsdk.tlog\lib.command.1.tlog
